<?xml version="1.0" encoding="UTF-8"?>
<!-- Generated by org.testng.reporters.JUnitXMLReporter -->
<testsuite ignored="1" hostname="DKchamp" failures="0" tests="1" name="PositiveTests" time="27.68" errors="0" timestamp="16 Feb 2021 06:21:03 GMT">
  <testcase classname="com.herokuapp.theinternet.NegetiveTests" name="incorrectPasswordTest" time="27.648"/>
  <testcase classname="com.herokuapp.theinternet.NegetiveTests" name="incorrectUsernameTest" time="0.0">
    <ignored/>
  </testcase> <!-- incorrectUsernameTest -->
</testsuite> <!-- PositiveTests -->
