<?xml version="1.0" encoding="UTF-8"?>
<testng-results ignored="0" total="12" passed="12" failed="0" skipped="0">
  <reporter-output>
  </reporter-output>
  <suite started-at="2021-03-23T13:31:34 IST" name="EMPLOYEESUITE" finished-at="2021-03-23T13:31:39 IST" duration-ms="4759">
    <groups>
    </groups>
    <test started-at="2021-03-23T13:31:34 IST" name="EMPTest" finished-at="2021-03-23T13:31:39 IST" duration-ms="4759">
      <class name="testcase.Getoneemployee">
        <test-method is-config="true" signature="setup()[pri:0, instance:testcase.Getoneemployee@3ba9ad43]" started-at="2021-03-23T13:31:37 IST" name="setup" finished-at="2021-03-23T13:31:37 IST" duration-ms="2" status="PASS">
          <reporter-output>
          </reporter-output>
        </test-method> <!-- setup -->
        <test-method is-config="true" signature="getallemp()[pri:0, instance:testcase.Getoneemployee@3ba9ad43]" started-at="2021-03-23T13:31:37 IST" name="getallemp" finished-at="2021-03-23T13:31:37 IST" duration-ms="388" status="PASS">
          <reporter-output>
          </reporter-output>
        </test-method> <!-- getallemp -->
        <test-method signature="bodyexist()[pri:0, instance:testcase.Getoneemployee@3ba9ad43]" started-at="2021-03-23T13:31:37 IST" name="bodyexist" finished-at="2021-03-23T13:31:37 IST" duration-ms="27" status="PASS">
          <reporter-output>
          </reporter-output>
        </test-method> <!-- bodyexist -->
        <test-method signature="conttype()[pri:0, instance:testcase.Getoneemployee@3ba9ad43]" started-at="2021-03-23T13:31:37 IST" name="conttype" finished-at="2021-03-23T13:31:37 IST" duration-ms="13" status="PASS">
          <reporter-output>
          </reporter-output>
        </test-method> <!-- conttype -->
        <test-method signature="restime()[pri:0, instance:testcase.Getoneemployee@3ba9ad43]" started-at="2021-03-23T13:31:37 IST" name="restime" finished-at="2021-03-23T13:31:37 IST" duration-ms="7" status="PASS">
          <reporter-output>
          </reporter-output>
        </test-method> <!-- restime -->
        <test-method signature="statuscode()[pri:0, instance:testcase.Getoneemployee@3ba9ad43]" started-at="2021-03-23T13:31:37 IST" name="statuscode" finished-at="2021-03-23T13:31:37 IST" duration-ms="9" status="PASS">
          <reporter-output>
          </reporter-output>
        </test-method> <!-- statuscode -->
        <test-method is-config="true" signature="tdown()[pri:0, instance:testcase.Getoneemployee@3ba9ad43]" started-at="2021-03-23T13:31:37 IST" name="tdown" finished-at="2021-03-23T13:31:37 IST" duration-ms="2" status="PASS">
          <reporter-output>
          </reporter-output>
        </test-method> <!-- tdown -->
      </class> <!-- testcase.Getoneemployee -->
      <class name="testcase.Getallemp">
        <test-method is-config="true" signature="setup()[pri:0, instance:testcase.Getallemp@be64738]" started-at="2021-03-23T13:31:34 IST" name="setup" finished-at="2021-03-23T13:31:34 IST" duration-ms="33" status="PASS">
          <reporter-output>
          </reporter-output>
        </test-method> <!-- setup -->
        <test-method is-config="true" signature="getallemp()[pri:0, instance:testcase.Getallemp@be64738]" started-at="2021-03-23T13:31:34 IST" name="getallemp" finished-at="2021-03-23T13:31:37 IST" duration-ms="2487" status="PASS">
          <reporter-output>
          </reporter-output>
        </test-method> <!-- getallemp -->
        <test-method signature="bodyexist()[pri:0, instance:testcase.Getallemp@be64738]" started-at="2021-03-23T13:31:37 IST" name="bodyexist" finished-at="2021-03-23T13:31:37 IST" duration-ms="106" status="PASS">
          <reporter-output>
          </reporter-output>
        </test-method> <!-- bodyexist -->
        <test-method signature="conttype()[pri:0, instance:testcase.Getallemp@be64738]" started-at="2021-03-23T13:31:37 IST" name="conttype" finished-at="2021-03-23T13:31:37 IST" duration-ms="4" status="PASS">
          <reporter-output>
          </reporter-output>
        </test-method> <!-- conttype -->
        <test-method signature="restime()[pri:0, instance:testcase.Getallemp@be64738]" started-at="2021-03-23T13:31:37 IST" name="restime" finished-at="2021-03-23T13:31:37 IST" duration-ms="5" status="PASS">
          <reporter-output>
          </reporter-output>
        </test-method> <!-- restime -->
        <test-method signature="statuscode()[pri:0, instance:testcase.Getallemp@be64738]" started-at="2021-03-23T13:31:37 IST" name="statuscode" finished-at="2021-03-23T13:31:37 IST" duration-ms="3" status="PASS">
          <reporter-output>
          </reporter-output>
        </test-method> <!-- statuscode -->
        <test-method is-config="true" signature="tdown()[pri:0, instance:testcase.Getallemp@be64738]" started-at="2021-03-23T13:31:37 IST" name="tdown" finished-at="2021-03-23T13:31:37 IST" duration-ms="1" status="PASS">
          <reporter-output>
          </reporter-output>
        </test-method> <!-- tdown -->
      </class> <!-- testcase.Getallemp -->
      <class name="testcase.newemp">
        <test-method is-config="true" signature="setup()[pri:0, instance:testcase.newemp@49d904ec]" started-at="2021-03-23T13:31:37 IST" name="setup" finished-at="2021-03-23T13:31:37 IST" duration-ms="8" status="PASS">
          <reporter-output>
          </reporter-output>
        </test-method> <!-- setup -->
        <test-method is-config="true" signature="createemp()[pri:0, instance:testcase.newemp@49d904ec]" started-at="2021-03-23T13:31:37 IST" name="createemp" finished-at="2021-03-23T13:31:39 IST" duration-ms="1267" status="PASS">
          <reporter-output>
          </reporter-output>
        </test-method> <!-- createemp -->
        <test-method signature="bodyexist()[pri:0, instance:testcase.newemp@49d904ec]" started-at="2021-03-23T13:31:39 IST" name="bodyexist" finished-at="2021-03-23T13:31:39 IST" duration-ms="7" status="PASS">
          <reporter-output>
          </reporter-output>
        </test-method> <!-- bodyexist -->
        <test-method signature="conttype()[pri:0, instance:testcase.newemp@49d904ec]" started-at="2021-03-23T13:31:39 IST" name="conttype" finished-at="2021-03-23T13:31:39 IST" duration-ms="4" status="PASS">
          <reporter-output>
          </reporter-output>
        </test-method> <!-- conttype -->
        <test-method signature="restime()[pri:0, instance:testcase.newemp@49d904ec]" started-at="2021-03-23T13:31:39 IST" name="restime" finished-at="2021-03-23T13:31:39 IST" duration-ms="6" status="PASS">
          <reporter-output>
          </reporter-output>
        </test-method> <!-- restime -->
        <test-method signature="statuscode()[pri:0, instance:testcase.newemp@49d904ec]" started-at="2021-03-23T13:31:39 IST" name="statuscode" finished-at="2021-03-23T13:31:39 IST" duration-ms="4" status="PASS">
          <reporter-output>
          </reporter-output>
        </test-method> <!-- statuscode -->
        <test-method is-config="true" signature="tdown()[pri:0, instance:testcase.newemp@49d904ec]" started-at="2021-03-23T13:31:39 IST" name="tdown" finished-at="2021-03-23T13:31:39 IST" duration-ms="1" status="PASS">
          <reporter-output>
          </reporter-output>
        </test-method> <!-- tdown -->
      </class> <!-- testcase.newemp -->
    </test> <!-- EMPTest -->
  </suite> <!-- EMPLOYEESUITE -->
</testng-results>
