<?xml version="1.0" encoding="UTF-8"?>
<!-- Generated by org.testng.reporters.JUnitXMLReporter -->
<testsuite ignored="0" hostname="dharani-pc" failures="0" tests="4" name="Default test" time="5.151" errors="0" timestamp="2021-03-22T17:58:13 IST">
  <testcase classname="testcase.newemp" name="bodyexist" time="0.104"/>
  <testcase classname="testcase.newemp" name="conttype" time="0.004"/>
  <testcase classname="testcase.newemp" name="restime" time="0.002"/>
  <testcase classname="testcase.newemp" name="statuscode" time="0.003"/>
</testsuite> <!-- Default test -->
