<?xml version="1.0" encoding="UTF-8"?>
<!-- Generated by org.testng.reporters.JUnitXMLReporter -->
<testsuite ignored="0" hostname="dharani-pc" failures="0" tests="12" name="EMPTest" time="4.759" errors="0" timestamp="2021-03-23T13:31:39 IST">
  <testcase classname="testcase.Getallemp" name="bodyexist" time="0.106"/>
  <testcase classname="testcase.Getallemp" name="conttype" time="0.004"/>
  <testcase classname="testcase.Getallemp" name="restime" time="0.005"/>
  <testcase classname="testcase.Getallemp" name="statuscode" time="0.003"/>
  <testcase classname="testcase.Getoneemployee" name="bodyexist" time="0.027"/>
  <testcase classname="testcase.Getoneemployee" name="conttype" time="0.013"/>
  <testcase classname="testcase.Getoneemployee" name="restime" time="0.007"/>
  <testcase classname="testcase.Getoneemployee" name="statuscode" time="0.009"/>
  <testcase classname="testcase.newemp" name="bodyexist" time="0.007"/>
  <testcase classname="testcase.newemp" name="conttype" time="0.004"/>
  <testcase classname="testcase.newemp" name="restime" time="0.006"/>
  <testcase classname="testcase.newemp" name="statuscode" time="0.004"/>
</testsuite> <!-- EMPTest -->
