<?xml version="1.0" encoding="UTF-8"?>
<testng-results ignored="0" total="2" passed="2" failed="0" skipped="0">
  <reporter-output>
  </reporter-output>
  <suite started-at="2021-02-26T09:00:33Z" name="parameterTest" finished-at="2021-02-26T09:01:02Z" duration-ms="28635">
    <groups>
      <group name="negetive">
        <method signature="NegetiveTests.incorrectUsernameTest(java.lang.String, java.lang.String, java.lang.String)[pri:1, instance:com.herokuapp.theinternet.NegetiveTests@38cee291]" name="incorrectUsernameTest" class="com.herokuapp.theinternet.NegetiveTests"/>
        <method signature="NegetiveTests.incorrectUsernameTest(java.lang.String, java.lang.String, java.lang.String)[pri:1, instance:com.herokuapp.theinternet.NegetiveTests@1530c739]" name="incorrectUsernameTest" class="com.herokuapp.theinternet.NegetiveTests"/>
      </group> <!-- negetive -->
      <group name="smoketest">
        <method signature="NegetiveTests.incorrectUsernameTest(java.lang.String, java.lang.String, java.lang.String)[pri:1, instance:com.herokuapp.theinternet.NegetiveTests@38cee291]" name="incorrectUsernameTest" class="com.herokuapp.theinternet.NegetiveTests"/>
        <method signature="NegetiveTests.incorrectUsernameTest(java.lang.String, java.lang.String, java.lang.String)[pri:1, instance:com.herokuapp.theinternet.NegetiveTests@1530c739]" name="incorrectUsernameTest" class="com.herokuapp.theinternet.NegetiveTests"/>
      </group> <!-- smoketest -->
    </groups>
    <test started-at="2021-02-26T09:00:33Z" name="ParametersUsername" finished-at="2021-02-26T09:00:50Z" duration-ms="16326">
      <class name="com.herokuapp.theinternet.NegetiveTests">
        <test-method signature="incorrectUsernameTest(java.lang.String, java.lang.String, java.lang.String)[pri:1, instance:com.herokuapp.theinternet.NegetiveTests@38cee291]" started-at="2021-02-26T09:00:33Z" name="incorrectUsernameTest" finished-at="2021-02-26T09:00:50Z" duration-ms="16284" status="PASS">
          <params>
            <param index="0">
              <value>
                <![CDATA[incorrectUsername]]>
              </value>
            </param>
            <param index="1">
              <value>
                <![CDATA[SuperSecretPassword!]]>
              </value>
            </param>
            <param index="2">
              <value>
                <![CDATA[Your username is invalid!]]>
              </value>
            </param>
          </params>
          <reporter-output>
          </reporter-output>
        </test-method> <!-- incorrectUsernameTest -->
      </class> <!-- com.herokuapp.theinternet.NegetiveTests -->
    </test> <!-- ParametersUsername -->
    <test started-at="2021-02-26T09:00:50Z" name="ParametersPassword" finished-at="2021-02-26T09:01:02Z" duration-ms="12144">
      <class name="com.herokuapp.theinternet.NegetiveTests">
        <test-method signature="incorrectUsernameTest(java.lang.String, java.lang.String, java.lang.String)[pri:1, instance:com.herokuapp.theinternet.NegetiveTests@1530c739]" started-at="2021-02-26T09:00:50Z" name="incorrectUsernameTest" finished-at="2021-02-26T09:01:02Z" duration-ms="12140" status="PASS">
          <params>
            <param index="0">
              <value>
                <![CDATA[tomsmith]]>
              </value>
            </param>
            <param index="1">
              <value>
                <![CDATA[nopasswordhere]]>
              </value>
            </param>
            <param index="2">
              <value>
                <![CDATA[Your password is invalid!]]>
              </value>
            </param>
          </params>
          <reporter-output>
          </reporter-output>
        </test-method> <!-- incorrectUsernameTest -->
      </class> <!-- com.herokuapp.theinternet.NegetiveTests -->
    </test> <!-- ParametersPassword -->
  </suite> <!-- parameterTest -->
</testng-results>
